2017-04-18 22:04:45,444  INFO Api:48 - Starting Api on X-CDN-ZHENGJY with PID 1532 (D:\workspace1\happycar-api\target\classes started by zhengjy in D:\workspace1\happycar-api)
2017-04-18 22:04:45,448  INFO Api:661 - No active profile set, falling back to default profiles: default
2017-04-18 22:04:45,517  INFO AnnotationConfigEmbeddedWebApplicationContext:582 - Refreshing org.springframework.boot.context.embedded.AnnotationConfigEmbeddedWebApplicationContext@56de5251: startup date [Tue Apr 18 22:04:45 CST 2017]; root of context hierarchy
2017-04-18 22:04:45,818  INFO Version:30 - HV000001: Hibernate Validator 5.2.4.Final
2017-04-18 22:04:47,927  INFO PostProcessorRegistrationDelegate$BeanPostProcessorChecker:325 - Bean 'org.springframework.transaction.annotation.ProxyTransactionManagementConfiguration' of type [class org.springframework.transaction.annotation.ProxyTransactionManagementConfiguration$$EnhancerBySpringCGLIB$$a76d5894] is not eligible for getting processed by all BeanPostProcessors (for example: not eligible for auto-proxying)
2017-04-18 22:04:49,055  INFO TomcatEmbeddedServletContainer:87 - Tomcat initialized with port(s): 8081 (http)
2017-04-18 22:04:49,221  INFO ContextLoader:276 - Root WebApplicationContext: initialization completed in 3709 ms
2017-04-18 22:04:49,438  INFO ServletRegistrationBean:190 - Mapping servlet: 'dispatcherServlet' to [/]
2017-04-18 22:04:49,444  INFO FilterRegistrationBean:258 - Mapping filter: 'characterEncodingFilter' to: [/*]
2017-04-18 22:04:49,445  INFO FilterRegistrationBean:258 - Mapping filter: 'hiddenHttpMethodFilter' to: [/*]
2017-04-18 22:04:49,445  INFO FilterRegistrationBean:258 - Mapping filter: 'httpPutFormContentFilter' to: [/*]
2017-04-18 22:04:49,446  INFO FilterRegistrationBean:258 - Mapping filter: 'requestContextFilter' to: [/*]
2017-04-18 22:04:49,785  INFO LocalContainerEntityManagerFactoryBean:336 - Building JPA container EntityManagerFactory for persistence unit 'default'
2017-04-18 22:04:49,809  INFO LogHelper:31 - HHH000204: Processing PersistenceUnitInfo [
	name: default
	...]
2017-04-18 22:04:49,926  INFO Version:37 - HHH000412: Hibernate Core {5.0.11.Final}
2017-04-18 22:04:49,928  INFO Environment:213 - HHH000206: hibernate.properties not found
2017-04-18 22:04:49,931  INFO Environment:317 - HHH000021: Bytecode provider name : javassist
2017-04-18 22:04:49,986  INFO Version:66 - HCANN000001: Hibernate Commons Annotations {5.0.1.Final}
2017-04-18 22:04:50,501  WARN JdbcEnvironmentInitiator:132 - HHH000342: Could not obtain connection to query metadata : Communications link failure

The last packet sent successfully to the server was 0 milliseconds ago. The driver has not received any packets from the server.
2017-04-18 22:04:50,527  INFO Dialect:156 - HHH000400: Using dialect: org.hibernate.dialect.MySQL5Dialect
2017-04-18 22:04:50,548  INFO LobCreatorBuilderImpl:63 - HHH000422: Disabling contextual LOB creation as connection was null
2017-04-18 22:04:51,268  INFO QueryTranslatorFactoryInitiator:47 - HHH000397: Using ASTQueryTranslatorFactory
2017-04-18 22:04:51,840  WARN HqlSqlWalker:992 - [DEPRECATION] Encountered positional parameter near line 1, column 65 in HQL: [update com.happycar.api.model.HcMember set isDeleted=1 where id=?].  Positional parameter are considered deprecated; use named parameters or JPA-style positional parameters instead.
2017-04-18 22:04:51,978  WARN AnnotationConfigEmbeddedWebApplicationContext:550 - Exception encountered during context initialization - cancelling refresh attempt: org.springframework.beans.factory.BeanCreationException: Error creating bean with name 'couponController': Injection of resource dependencies failed; nested exception is org.springframework.beans.factory.BeanCreationException: Error creating bean with name 'couponDao': Invocation of init method failed; nested exception is org.springframework.data.mapping.PropertyReferenceException: No property pid found for type HcCoupon! Did you mean 'id'?
2017-04-18 22:04:51,979  INFO LocalContainerEntityManagerFactoryBean:481 - Closing JPA EntityManagerFactory for persistence unit 'default'
2017-04-18 22:04:52,003  INFO AutoConfigurationReportLoggingInitializer:101 - 

Error starting ApplicationContext. To display the auto-configuration report re-run your application with 'debug' enabled.
2017-04-18 22:04:52,009 ERROR SpringApplication:839 - Application startup failed
org.springframework.beans.factory.BeanCreationException: Error creating bean with name 'couponController': Injection of resource dependencies failed; nested exception is org.springframework.beans.factory.BeanCreationException: Error creating bean with name 'couponDao': Invocation of init method failed; nested exception is org.springframework.data.mapping.PropertyReferenceException: No property pid found for type HcCoupon! Did you mean 'id'?
	at org.springframework.context.annotation.CommonAnnotationBeanPostProcessor.postProcessPropertyValues(CommonAnnotationBeanPostProcessor.java:321)
	at org.springframework.beans.factory.support.AbstractAutowireCapableBeanFactory.populateBean(AbstractAutowireCapableBeanFactory.java:1225)
	at org.springframework.beans.factory.support.AbstractAutowireCapableBeanFactory.doCreateBean(AbstractAutowireCapableBeanFactory.java:552)
	at org.springframework.beans.factory.support.AbstractAutowireCapableBeanFactory.createBean(AbstractAutowireCapableBeanFactory.java:483)
	at org.springframework.beans.factory.support.AbstractBeanFactory$1.getObject(AbstractBeanFactory.java:306)
	at org.springframework.beans.factory.support.DefaultSingletonBeanRegistry.getSingleton(DefaultSingletonBeanRegistry.java:230)
	at org.springframework.beans.factory.support.AbstractBeanFactory.doGetBean(AbstractBeanFactory.java:302)
	at org.springframework.beans.factory.support.AbstractBeanFactory.getBean(AbstractBeanFactory.java:197)
	at org.springframework.beans.factory.support.DefaultListableBeanFactory.preInstantiateSingletons(DefaultListableBeanFactory.java:759)
	at org.springframework.context.support.AbstractApplicationContext.finishBeanFactoryInitialization(AbstractApplicationContext.java:866)
	at org.springframework.context.support.AbstractApplicationContext.refresh(AbstractApplicationContext.java:542)
	at org.springframework.boot.context.embedded.EmbeddedWebApplicationContext.refresh(EmbeddedWebApplicationContext.java:122)
	at org.springframework.boot.SpringApplication.refresh(SpringApplication.java:761)
	at org.springframework.boot.SpringApplication.refreshContext(SpringApplication.java:371)
	at org.springframework.boot.SpringApplication.run(SpringApplication.java:315)
	at org.springframework.boot.SpringApplication.run(SpringApplication.java:1186)
	at org.springframework.boot.SpringApplication.run(SpringApplication.java:1175)
	at com.happycar.api.Api.main(Api.java:31)
Caused by: org.springframework.beans.factory.BeanCreationException: Error creating bean with name 'couponDao': Invocation of init method failed; nested exception is org.springframework.data.mapping.PropertyReferenceException: No property pid found for type HcCoupon! Did you mean 'id'?
	at org.springframework.beans.factory.support.AbstractAutowireCapableBeanFactory.initializeBean(AbstractAutowireCapableBeanFactory.java:1589)
	at org.springframework.beans.factory.support.AbstractAutowireCapableBeanFactory.doCreateBean(AbstractAutowireCapableBeanFactory.java:554)
	at org.springframework.beans.factory.support.AbstractAutowireCapableBeanFactory.createBean(AbstractAutowireCapableBeanFactory.java:483)
	at org.springframework.beans.factory.support.AbstractBeanFactory$1.getObject(AbstractBeanFactory.java:306)
	at org.springframework.beans.factory.support.DefaultSingletonBeanRegistry.getSingleton(DefaultSingletonBeanRegistry.java:230)
	at org.springframework.beans.factory.support.AbstractBeanFactory.doGetBean(AbstractBeanFactory.java:302)
	at org.springframework.beans.factory.support.AbstractBeanFactory.getBean(AbstractBeanFactory.java:202)
	at org.springframework.context.annotation.CommonAnnotationBeanPostProcessor.autowireResource(CommonAnnotationBeanPostProcessor.java:522)
	at org.springframework.context.annotation.CommonAnnotationBeanPostProcessor.getResource(CommonAnnotationBeanPostProcessor.java:496)
	at org.springframework.context.annotation.CommonAnnotationBeanPostProcessor$ResourceElement.getResourceToInject(CommonAnnotationBeanPostProcessor.java:627)
	at org.springframework.beans.factory.annotation.InjectionMetadata$InjectedElement.inject(InjectionMetadata.java:169)
	at org.springframework.beans.factory.annotation.InjectionMetadata.inject(InjectionMetadata.java:88)
	at org.springframework.context.annotation.CommonAnnotationBeanPostProcessor.postProcessPropertyValues(CommonAnnotationBeanPostProcessor.java:318)
	... 17 more
Caused by: org.springframework.data.mapping.PropertyReferenceException: No property pid found for type HcCoupon! Did you mean 'id'?
	at org.springframework.data.mapping.PropertyPath.<init>(PropertyPath.java:77)
	at org.springframework.data.mapping.PropertyPath.create(PropertyPath.java:329)
	at org.springframework.data.mapping.PropertyPath.create(PropertyPath.java:309)
	at org.springframework.data.mapping.PropertyPath.from(PropertyPath.java:272)
	at org.springframework.data.mapping.PropertyPath.from(PropertyPath.java:243)
	at org.springframework.data.repository.query.parser.Part.<init>(Part.java:76)
	at org.springframework.data.repository.query.parser.PartTree$OrPart.<init>(PartTree.java:235)
	at org.springframework.data.repository.query.parser.PartTree$Predicate.buildTree(PartTree.java:373)
	at org.springframework.data.repository.query.parser.PartTree$Predicate.<init>(PartTree.java:353)
	at org.springframework.data.repository.query.parser.PartTree.<init>(PartTree.java:87)
	at org.springframework.data.jpa.repository.query.PartTreeJpaQuery.<init>(PartTreeJpaQuery.java:63)
	at org.springframework.data.jpa.repository.query.JpaQueryLookupStrategy$CreateQueryLookupStrategy.resolveQuery(JpaQueryLookupStrategy.java:103)
	at org.springframework.data.jpa.repository.query.JpaQueryLookupStrategy$CreateIfNotFoundQueryLookupStrategy.resolveQuery(JpaQueryLookupStrategy.java:214)
	at org.springframework.data.jpa.repository.query.JpaQueryLookupStrategy$AbstractQueryLookupStrategy.resolveQuery(JpaQueryLookupStrategy.java:77)
	at org.springframework.data.repository.core.support.RepositoryFactorySupport$QueryExecutorMethodInterceptor.<init>(RepositoryFactorySupport.java:435)
	at org.springframework.data.repository.core.support.RepositoryFactorySupport.getRepository(RepositoryFactorySupport.java:220)
	at org.springframework.data.repository.core.support.RepositoryFactoryBeanSupport.initAndReturn(RepositoryFactoryBeanSupport.java:280)
	at org.springframework.data.repository.core.support.RepositoryFactoryBeanSupport.afterPropertiesSet(RepositoryFactoryBeanSupport.java:266)
	at org.springframework.data.jpa.repository.support.JpaRepositoryFactoryBean.afterPropertiesSet(JpaRepositoryFactoryBean.java:92)
	at org.springframework.beans.factory.support.AbstractAutowireCapableBeanFactory.invokeInitMethods(AbstractAutowireCapableBeanFactory.java:1648)
	at org.springframework.beans.factory.support.AbstractAutowireCapableBeanFactory.initializeBean(AbstractAutowireCapableBeanFactory.java:1585)
	... 29 more
2017-04-18 22:09:38,539  INFO Api:48 - Starting Api on X-CDN-ZHENGJY with PID 5932 (D:\workspace1\happycar-api\target\classes started by zhengjy in D:\workspace1\happycar-api)
2017-04-18 22:09:38,542  INFO Api:661 - No active profile set, falling back to default profiles: default
2017-04-18 22:09:38,662  INFO AnnotationConfigEmbeddedWebApplicationContext:582 - Refreshing org.springframework.boot.context.embedded.AnnotationConfigEmbeddedWebApplicationContext@19e4653c: startup date [Tue Apr 18 22:09:38 CST 2017]; root of context hierarchy
2017-04-18 22:09:38,860  INFO Version:30 - HV000001: Hibernate Validator 5.2.4.Final
2017-04-18 22:09:41,316  INFO PostProcessorRegistrationDelegate$BeanPostProcessorChecker:325 - Bean 'org.springframework.transaction.annotation.ProxyTransactionManagementConfiguration' of type [class org.springframework.transaction.annotation.ProxyTransactionManagementConfiguration$$EnhancerBySpringCGLIB$$77c1d749] is not eligible for getting processed by all BeanPostProcessors (for example: not eligible for auto-proxying)
2017-04-18 22:09:42,654  INFO TomcatEmbeddedServletContainer:87 - Tomcat initialized with port(s): 8081 (http)
2017-04-18 22:09:42,817  INFO ContextLoader:276 - Root WebApplicationContext: initialization completed in 4162 ms
2017-04-18 22:09:43,117  INFO ServletRegistrationBean:190 - Mapping servlet: 'dispatcherServlet' to [/]
2017-04-18 22:09:43,124  INFO FilterRegistrationBean:258 - Mapping filter: 'characterEncodingFilter' to: [/*]
2017-04-18 22:09:43,125  INFO FilterRegistrationBean:258 - Mapping filter: 'hiddenHttpMethodFilter' to: [/*]
2017-04-18 22:09:43,125  INFO FilterRegistrationBean:258 - Mapping filter: 'httpPutFormContentFilter' to: [/*]
2017-04-18 22:09:43,126  INFO FilterRegistrationBean:258 - Mapping filter: 'requestContextFilter' to: [/*]
2017-04-18 22:09:43,556  INFO LocalContainerEntityManagerFactoryBean:336 - Building JPA container EntityManagerFactory for persistence unit 'default'
2017-04-18 22:09:43,587  INFO LogHelper:31 - HHH000204: Processing PersistenceUnitInfo [
	name: default
	...]
2017-04-18 22:09:43,759  INFO Version:37 - HHH000412: Hibernate Core {5.0.11.Final}
2017-04-18 22:09:43,762  INFO Environment:213 - HHH000206: hibernate.properties not found
2017-04-18 22:09:43,765  INFO Environment:317 - HHH000021: Bytecode provider name : javassist
2017-04-18 22:09:43,845  INFO Version:66 - HCANN000001: Hibernate Commons Annotations {5.0.1.Final}
2017-04-18 22:09:44,445  WARN JdbcEnvironmentInitiator:132 - HHH000342: Could not obtain connection to query metadata : Communications link failure

The last packet sent successfully to the server was 0 milliseconds ago. The driver has not received any packets from the server.
2017-04-18 22:09:44,466  INFO Dialect:156 - HHH000400: Using dialect: org.hibernate.dialect.MySQL5Dialect
2017-04-18 22:09:44,494  INFO LobCreatorBuilderImpl:63 - HHH000422: Disabling contextual LOB creation as connection was null
2017-04-18 22:09:45,373  INFO QueryTranslatorFactoryInitiator:47 - HHH000397: Using ASTQueryTranslatorFactory
2017-04-18 22:09:46,119  WARN HqlSqlWalker:992 - [DEPRECATION] Encountered positional parameter near line 1, column 65 in HQL: [update com.happycar.api.model.HcMember set isDeleted=1 where id=?].  Positional parameter are considered deprecated; use named parameters or JPA-style positional parameters instead.
2017-04-18 22:09:46,362  WARN AnnotationConfigEmbeddedWebApplicationContext:550 - Exception encountered during context initialization - cancelling refresh attempt: org.springframework.beans.factory.BeanCreationException: Error creating bean with name 'couponController': Injection of resource dependencies failed; nested exception is org.springframework.beans.factory.BeanCreationException: Error creating bean with name 'couponDao': Invocation of init method failed; nested exception is java.lang.IllegalArgumentException: Validation failed for query for method public abstract void com.happycar.api.dao.CouponDao.setCouponUsed(java.lang.Integer)!
2017-04-18 22:09:46,363  INFO LocalContainerEntityManagerFactoryBean:481 - Closing JPA EntityManagerFactory for persistence unit 'default'
2017-04-18 22:09:46,393  INFO AutoConfigurationReportLoggingInitializer:101 - 

Error starting ApplicationContext. To display the auto-configuration report re-run your application with 'debug' enabled.
2017-04-18 22:09:46,400 ERROR SpringApplication:839 - Application startup failed
org.springframework.beans.factory.BeanCreationException: Error creating bean with name 'couponController': Injection of resource dependencies failed; nested exception is org.springframework.beans.factory.BeanCreationException: Error creating bean with name 'couponDao': Invocation of init method failed; nested exception is java.lang.IllegalArgumentException: Validation failed for query for method public abstract void com.happycar.api.dao.CouponDao.setCouponUsed(java.lang.Integer)!
	at org.springframework.context.annotation.CommonAnnotationBeanPostProcessor.postProcessPropertyValues(CommonAnnotationBeanPostProcessor.java:321)
	at org.springframework.beans.factory.support.AbstractAutowireCapableBeanFactory.populateBean(AbstractAutowireCapableBeanFactory.java:1225)
	at org.springframework.beans.factory.support.AbstractAutowireCapableBeanFactory.doCreateBean(AbstractAutowireCapableBeanFactory.java:552)
	at org.springframework.beans.factory.support.AbstractAutowireCapableBeanFactory.createBean(AbstractAutowireCapableBeanFactory.java:483)
	at org.springframework.beans.factory.support.AbstractBeanFactory$1.getObject(AbstractBeanFactory.java:306)
	at org.springframework.beans.factory.support.DefaultSingletonBeanRegistry.getSingleton(DefaultSingletonBeanRegistry.java:230)
	at org.springframework.beans.factory.support.AbstractBeanFactory.doGetBean(AbstractBeanFactory.java:302)
	at org.springframework.beans.factory.support.AbstractBeanFactory.getBean(AbstractBeanFactory.java:197)
	at org.springframework.beans.factory.support.DefaultListableBeanFactory.preInstantiateSingletons(DefaultListableBeanFactory.java:759)
	at org.springframework.context.support.AbstractApplicationContext.finishBeanFactoryInitialization(AbstractApplicationContext.java:866)
	at org.springframework.context.support.AbstractApplicationContext.refresh(AbstractApplicationContext.java:542)
	at org.springframework.boot.context.embedded.EmbeddedWebApplicationContext.refresh(EmbeddedWebApplicationContext.java:122)
	at org.springframework.boot.SpringApplication.refresh(SpringApplication.java:761)
	at org.springframework.boot.SpringApplication.refreshContext(SpringApplication.java:371)
	at org.springframework.boot.SpringApplication.run(SpringApplication.java:315)
	at org.springframework.boot.SpringApplication.run(SpringApplication.java:1186)
	at org.springframework.boot.SpringApplication.run(SpringApplication.java:1175)
	at com.happycar.api.Api.main(Api.java:31)
Caused by: org.springframework.beans.factory.BeanCreationException: Error creating bean with name 'couponDao': Invocation of init method failed; nested exception is java.lang.IllegalArgumentException: Validation failed for query for method public abstract void com.happycar.api.dao.CouponDao.setCouponUsed(java.lang.Integer)!
	at org.springframework.beans.factory.support.AbstractAutowireCapableBeanFactory.initializeBean(AbstractAutowireCapableBeanFactory.java:1589)
	at org.springframework.beans.factory.support.AbstractAutowireCapableBeanFactory.doCreateBean(AbstractAutowireCapableBeanFactory.java:554)
	at org.springframework.beans.factory.support.AbstractAutowireCapableBeanFactory.createBean(AbstractAutowireCapableBeanFactory.java:483)
	at org.springframework.beans.factory.support.AbstractBeanFactory$1.getObject(AbstractBeanFactory.java:306)
	at org.springframework.beans.factory.support.DefaultSingletonBeanRegistry.getSingleton(DefaultSingletonBeanRegistry.java:230)
	at org.springframework.beans.factory.support.AbstractBeanFactory.doGetBean(AbstractBeanFactory.java:302)
	at org.springframework.beans.factory.support.AbstractBeanFactory.getBean(AbstractBeanFactory.java:202)
	at org.springframework.context.annotation.CommonAnnotationBeanPostProcessor.autowireResource(CommonAnnotationBeanPostProcessor.java:522)
	at org.springframework.context.annotation.CommonAnnotationBeanPostProcessor.getResource(CommonAnnotationBeanPostProcessor.java:496)
	at org.springframework.context.annotation.CommonAnnotationBeanPostProcessor$ResourceElement.getResourceToInject(CommonAnnotationBeanPostProcessor.java:627)
	at org.springframework.beans.factory.annotation.InjectionMetadata$InjectedElement.inject(InjectionMetadata.java:169)
	at org.springframework.beans.factory.annotation.InjectionMetadata.inject(InjectionMetadata.java:88)
	at org.springframework.context.annotation.CommonAnnotationBeanPostProcessor.postProcessPropertyValues(CommonAnnotationBeanPostProcessor.java:318)
	... 17 more
Caused by: java.lang.IllegalArgumentException: Validation failed for query for method public abstract void com.happycar.api.dao.CouponDao.setCouponUsed(java.lang.Integer)!
	at org.springframework.data.jpa.repository.query.SimpleJpaQuery.validateQuery(SimpleJpaQuery.java:92)
	at org.springframework.data.jpa.repository.query.SimpleJpaQuery.<init>(SimpleJpaQuery.java:62)
	at org.springframework.data.jpa.repository.query.JpaQueryFactory.fromMethodWithQueryString(JpaQueryFactory.java:72)
	at org.springframework.data.jpa.repository.query.JpaQueryFactory.fromQueryAnnotation(JpaQueryFactory.java:53)
	at org.springframework.data.jpa.repository.query.JpaQueryLookupStrategy$DeclaredQueryLookupStrategy.resolveQuery(JpaQueryLookupStrategy.java:144)
	at org.springframework.data.jpa.repository.query.JpaQueryLookupStrategy$CreateIfNotFoundQueryLookupStrategy.resolveQuery(JpaQueryLookupStrategy.java:212)
	at org.springframework.data.jpa.repository.query.JpaQueryLookupStrategy$AbstractQueryLookupStrategy.resolveQuery(JpaQueryLookupStrategy.java:77)
	at org.springframework.data.repository.core.support.RepositoryFactorySupport$QueryExecutorMethodInterceptor.<init>(RepositoryFactorySupport.java:435)
	at org.springframework.data.repository.core.support.RepositoryFactorySupport.getRepository(RepositoryFactorySupport.java:220)
	at org.springframework.data.repository.core.support.RepositoryFactoryBeanSupport.initAndReturn(RepositoryFactoryBeanSupport.java:280)
	at org.springframework.data.repository.core.support.RepositoryFactoryBeanSupport.afterPropertiesSet(RepositoryFactoryBeanSupport.java:266)
	at org.springframework.data.jpa.repository.support.JpaRepositoryFactoryBean.afterPropertiesSet(JpaRepositoryFactoryBean.java:92)
	at org.springframework.beans.factory.support.AbstractAutowireCapableBeanFactory.invokeInitMethods(AbstractAutowireCapableBeanFactory.java:1648)
	at org.springframework.beans.factory.support.AbstractAutowireCapableBeanFactory.initializeBean(AbstractAutowireCapableBeanFactory.java:1585)
	... 29 more
Caused by: java.lang.IllegalArgumentException: org.hibernate.hql.internal.ast.QuerySyntaxException: AirCoupon is not mapped [UPDATE AirCoupon SET status=2 where id=?]
	at org.hibernate.jpa.spi.AbstractEntityManagerImpl.convert(AbstractEntityManagerImpl.java:1679)
	at org.hibernate.jpa.spi.AbstractEntityManagerImpl.convert(AbstractEntityManagerImpl.java:1602)
	at org.hibernate.jpa.spi.AbstractEntityManagerImpl.convert(AbstractEntityManagerImpl.java:1608)
	at org.hibernate.jpa.spi.AbstractEntityManagerImpl.createQuery(AbstractEntityManagerImpl.java:294)
	at sun.reflect.NativeMethodAccessorImpl.invoke0(Native Method)
	at sun.reflect.NativeMethodAccessorImpl.invoke(NativeMethodAccessorImpl.java:62)
	at sun.reflect.DelegatingMethodAccessorImpl.invoke(DelegatingMethodAccessorImpl.java:43)
	at java.lang.reflect.Method.invoke(Method.java:498)
	at org.springframework.orm.jpa.ExtendedEntityManagerCreator$ExtendedEntityManagerInvocationHandler.invoke(ExtendedEntityManagerCreator.java:344)
	at com.sun.proxy.$Proxy97.createQuery(Unknown Source)
	at org.springframework.data.jpa.repository.query.SimpleJpaQuery.validateQuery(SimpleJpaQuery.java:86)
	... 42 more
Caused by: org.hibernate.hql.internal.ast.QuerySyntaxException: AirCoupon is not mapped [UPDATE AirCoupon SET status=2 where id=?]
	at org.hibernate.hql.internal.ast.QuerySyntaxException.generateQueryException(QuerySyntaxException.java:79)
	at org.hibernate.QueryException.wrapWithQueryString(QueryException.java:103)
	at org.hibernate.hql.internal.ast.QueryTranslatorImpl.doCompile(QueryTranslatorImpl.java:218)
	at org.hibernate.hql.internal.ast.QueryTranslatorImpl.compile(QueryTranslatorImpl.java:142)
	at org.hibernate.engine.query.spi.HQLQueryPlan.<init>(HQLQueryPlan.java:115)
	at org.hibernate.engine.query.spi.HQLQueryPlan.<init>(HQLQueryPlan.java:76)
	at org.hibernate.engine.query.spi.QueryPlanCache.getHQLQueryPlan(QueryPlanCache.java:150)
	at org.hibernate.internal.AbstractSessionImpl.getHQLQueryPlan(AbstractSessionImpl.java:302)
	at org.hibernate.internal.AbstractSessionImpl.createQuery(AbstractSessionImpl.java:240)
	at org.hibernate.internal.SessionImpl.createQuery(SessionImpl.java:1894)
	at org.hibernate.jpa.spi.AbstractEntityManagerImpl.createQuery(AbstractEntityManagerImpl.java:291)
	... 49 more
Caused by: org.hibernate.hql.internal.ast.QuerySyntaxException: AirCoupon is not mapped
	at org.hibernate.hql.internal.ast.util.SessionFactoryHelper.requireClassPersister(SessionFactoryHelper.java:171)
	at org.hibernate.hql.internal.ast.tree.FromElementFactory.addFromElement(FromElementFactory.java:91)
	at org.hibernate.hql.internal.ast.tree.FromClause.addFromElement(FromClause.java:76)
	at org.hibernate.hql.internal.ast.HqlSqlWalker.createFromElement(HqlSqlWalker.java:321)
	at org.hibernate.hql.internal.antlr.HqlSqlBaseWalker.fromElement(HqlSqlBaseWalker.java:3687)
	at org.hibernate.hql.internal.antlr.HqlSqlBaseWalker.fromElementList(HqlSqlBaseWalker.java:3576)
	at org.hibernate.hql.internal.antlr.HqlSqlBaseWalker.fromClause(HqlSqlBaseWalker.java:716)
	at org.hibernate.hql.internal.antlr.HqlSqlBaseWalker.updateStatement(HqlSqlBaseWalker.java:373)
	at org.hibernate.hql.internal.antlr.HqlSqlBaseWalker.statement(HqlSqlBaseWalker.java:265)
	at org.hibernate.hql.internal.ast.QueryTranslatorImpl.analyze(QueryTranslatorImpl.java:262)
	at org.hibernate.hql.internal.ast.QueryTranslatorImpl.doCompile(QueryTranslatorImpl.java:190)
	... 57 more
2017-04-18 22:10:23,044  INFO Api:48 - Starting Api on X-CDN-ZHENGJY with PID 6264 (D:\workspace1\happycar-api\target\classes started by zhengjy in D:\workspace1\happycar-api)
2017-04-18 22:10:23,046  INFO Api:661 - No active profile set, falling back to default profiles: default
2017-04-18 22:10:23,120  INFO AnnotationConfigEmbeddedWebApplicationContext:582 - Refreshing org.springframework.boot.context.embedded.AnnotationConfigEmbeddedWebApplicationContext@56de5251: startup date [Tue Apr 18 22:10:23 CST 2017]; root of context hierarchy
2017-04-18 22:10:23,409  INFO Version:30 - HV000001: Hibernate Validator 5.2.4.Final
2017-04-18 22:10:25,424  INFO PostProcessorRegistrationDelegate$BeanPostProcessorChecker:325 - Bean 'org.springframework.transaction.annotation.ProxyTransactionManagementConfiguration' of type [class org.springframework.transaction.annotation.ProxyTransactionManagementConfiguration$$EnhancerBySpringCGLIB$$a76d5894] is not eligible for getting processed by all BeanPostProcessors (for example: not eligible for auto-proxying)
2017-04-18 22:10:26,480  INFO TomcatEmbeddedServletContainer:87 - Tomcat initialized with port(s): 8081 (http)
2017-04-18 22:10:26,625  INFO ContextLoader:276 - Root WebApplicationContext: initialization completed in 3509 ms
2017-04-18 22:10:26,829  INFO ServletRegistrationBean:190 - Mapping servlet: 'dispatcherServlet' to [/]
2017-04-18 22:10:26,835  INFO FilterRegistrationBean:258 - Mapping filter: 'characterEncodingFilter' to: [/*]
2017-04-18 22:10:26,835  INFO FilterRegistrationBean:258 - Mapping filter: 'hiddenHttpMethodFilter' to: [/*]
2017-04-18 22:10:26,836  INFO FilterRegistrationBean:258 - Mapping filter: 'httpPutFormContentFilter' to: [/*]
2017-04-18 22:10:26,837  INFO FilterRegistrationBean:258 - Mapping filter: 'requestContextFilter' to: [/*]
2017-04-18 22:10:27,140  INFO LocalContainerEntityManagerFactoryBean:336 - Building JPA container EntityManagerFactory for persistence unit 'default'
2017-04-18 22:10:27,163  INFO LogHelper:31 - HHH000204: Processing PersistenceUnitInfo [
	name: default
	...]
2017-04-18 22:10:27,259  INFO Version:37 - HHH000412: Hibernate Core {5.0.11.Final}
2017-04-18 22:10:27,261  INFO Environment:213 - HHH000206: hibernate.properties not found
2017-04-18 22:10:27,265  INFO Environment:317 - HHH000021: Bytecode provider name : javassist
2017-04-18 22:10:27,328  INFO Version:66 - HCANN000001: Hibernate Commons Annotations {5.0.1.Final}
2017-04-18 22:10:27,959  WARN JdbcEnvironmentInitiator:132 - HHH000342: Could not obtain connection to query metadata : Communications link failure

The last packet sent successfully to the server was 0 milliseconds ago. The driver has not received any packets from the server.
2017-04-18 22:10:27,977  INFO Dialect:156 - HHH000400: Using dialect: org.hibernate.dialect.MySQL5Dialect
2017-04-18 22:10:28,000  INFO LobCreatorBuilderImpl:63 - HHH000422: Disabling contextual LOB creation as connection was null
2017-04-18 22:10:28,712  INFO QueryTranslatorFactoryInitiator:47 - HHH000397: Using ASTQueryTranslatorFactory
2017-04-18 22:10:29,372  WARN HqlSqlWalker:992 - [DEPRECATION] Encountered positional parameter near line 1, column 65 in HQL: [update com.happycar.api.model.HcMember set isDeleted=1 where id=?].  Positional parameter are considered deprecated; use named parameters or JPA-style positional parameters instead.
2017-04-18 22:10:29,548  WARN AnnotationConfigEmbeddedWebApplicationContext:550 - Exception encountered during context initialization - cancelling refresh attempt: org.springframework.beans.factory.BeanCreationException: Error creating bean with name 'couponController': Injection of resource dependencies failed; nested exception is org.springframework.beans.factory.BeanCreationException: Error creating bean with name 'couponDao': Invocation of init method failed; nested exception is java.lang.IllegalArgumentException: Validation failed for query for method public abstract void com.happycar.api.dao.CouponDao.setCouponUsed(java.lang.Integer)!
2017-04-18 22:10:29,550  INFO LocalContainerEntityManagerFactoryBean:481 - Closing JPA EntityManagerFactory for persistence unit 'default'
2017-04-18 22:10:29,571  INFO AutoConfigurationReportLoggingInitializer:101 - 

Error starting ApplicationContext. To display the auto-configuration report re-run your application with 'debug' enabled.
2017-04-18 22:10:29,574 ERROR SpringApplication:839 - Application startup failed
org.springframework.beans.factory.BeanCreationException: Error creating bean with name 'couponController': Injection of resource dependencies failed; nested exception is org.springframework.beans.factory.BeanCreationException: Error creating bean with name 'couponDao': Invocation of init method failed; nested exception is java.lang.IllegalArgumentException: Validation failed for query for method public abstract void com.happycar.api.dao.CouponDao.setCouponUsed(java.lang.Integer)!
	at org.springframework.context.annotation.CommonAnnotationBeanPostProcessor.postProcessPropertyValues(CommonAnnotationBeanPostProcessor.java:321)
	at org.springframework.beans.factory.support.AbstractAutowireCapableBeanFactory.populateBean(AbstractAutowireCapableBeanFactory.java:1225)
	at org.springframework.beans.factory.support.AbstractAutowireCapableBeanFactory.doCreateBean(AbstractAutowireCapableBeanFactory.java:552)
	at org.springframework.beans.factory.support.AbstractAutowireCapableBeanFactory.createBean(AbstractAutowireCapableBeanFactory.java:483)
	at org.springframework.beans.factory.support.AbstractBeanFactory$1.getObject(AbstractBeanFactory.java:306)
	at org.springframework.beans.factory.support.DefaultSingletonBeanRegistry.getSingleton(DefaultSingletonBeanRegistry.java:230)
	at org.springframework.beans.factory.support.AbstractBeanFactory.doGetBean(AbstractBeanFactory.java:302)
	at org.springframework.beans.factory.support.AbstractBeanFactory.getBean(AbstractBeanFactory.java:197)
	at org.springframework.beans.factory.support.DefaultListableBeanFactory.preInstantiateSingletons(DefaultListableBeanFactory.java:759)
	at org.springframework.context.support.AbstractApplicationContext.finishBeanFactoryInitialization(AbstractApplicationContext.java:866)
	at org.springframework.context.support.AbstractApplicationContext.refresh(AbstractApplicationContext.java:542)
	at org.springframework.boot.context.embedded.EmbeddedWebApplicationContext.refresh(EmbeddedWebApplicationContext.java:122)
	at org.springframework.boot.SpringApplication.refresh(SpringApplication.java:761)
	at org.springframework.boot.SpringApplication.refreshContext(SpringApplication.java:371)
	at org.springframework.boot.SpringApplication.run(SpringApplication.java:315)
	at org.springframework.boot.SpringApplication.run(SpringApplication.java:1186)
	at org.springframework.boot.SpringApplication.run(SpringApplication.java:1175)
	at com.happycar.api.Api.main(Api.java:31)
Caused by: org.springframework.beans.factory.BeanCreationException: Error creating bean with name 'couponDao': Invocation of init method failed; nested exception is java.lang.IllegalArgumentException: Validation failed for query for method public abstract void com.happycar.api.dao.CouponDao.setCouponUsed(java.lang.Integer)!
	at org.springframework.beans.factory.support.AbstractAutowireCapableBeanFactory.initializeBean(AbstractAutowireCapableBeanFactory.java:1589)
	at org.springframework.beans.factory.support.AbstractAutowireCapableBeanFactory.doCreateBean(AbstractAutowireCapableBeanFactory.java:554)
	at org.springframework.beans.factory.support.AbstractAutowireCapableBeanFactory.createBean(AbstractAutowireCapableBeanFactory.java:483)
	at org.springframework.beans.factory.support.AbstractBeanFactory$1.getObject(AbstractBeanFactory.java:306)
	at org.springframework.beans.factory.support.DefaultSingletonBeanRegistry.getSingleton(DefaultSingletonBeanRegistry.java:230)
	at org.springframework.beans.factory.support.AbstractBeanFactory.doGetBean(AbstractBeanFactory.java:302)
	at org.springframework.beans.factory.support.AbstractBeanFactory.getBean(AbstractBeanFactory.java:202)
	at org.springframework.context.annotation.CommonAnnotationBeanPostProcessor.autowireResource(CommonAnnotationBeanPostProcessor.java:522)
	at org.springframework.context.annotation.CommonAnnotationBeanPostProcessor.getResource(CommonAnnotationBeanPostProcessor.java:496)
	at org.springframework.context.annotation.CommonAnnotationBeanPostProcessor$ResourceElement.getResourceToInject(CommonAnnotationBeanPostProcessor.java:627)
	at org.springframework.beans.factory.annotation.InjectionMetadata$InjectedElement.inject(InjectionMetadata.java:169)
	at org.springframework.beans.factory.annotation.InjectionMetadata.inject(InjectionMetadata.java:88)
	at org.springframework.context.annotation.CommonAnnotationBeanPostProcessor.postProcessPropertyValues(CommonAnnotationBeanPostProcessor.java:318)
	... 17 more
Caused by: java.lang.IllegalArgumentException: Validation failed for query for method public abstract void com.happycar.api.dao.CouponDao.setCouponUsed(java.lang.Integer)!
	at org.springframework.data.jpa.repository.query.SimpleJpaQuery.validateQuery(SimpleJpaQuery.java:92)
	at org.springframework.data.jpa.repository.query.SimpleJpaQuery.<init>(SimpleJpaQuery.java:62)
	at org.springframework.data.jpa.repository.query.JpaQueryFactory.fromMethodWithQueryString(JpaQueryFactory.java:72)
	at org.springframework.data.jpa.repository.query.JpaQueryFactory.fromQueryAnnotation(JpaQueryFactory.java:53)
	at org.springframework.data.jpa.repository.query.JpaQueryLookupStrategy$DeclaredQueryLookupStrategy.resolveQuery(JpaQueryLookupStrategy.java:144)
	at org.springframework.data.jpa.repository.query.JpaQueryLookupStrategy$CreateIfNotFoundQueryLookupStrategy.resolveQuery(JpaQueryLookupStrategy.java:212)
	at org.springframework.data.jpa.repository.query.JpaQueryLookupStrategy$AbstractQueryLookupStrategy.resolveQuery(JpaQueryLookupStrategy.java:77)
	at org.springframework.data.repository.core.support.RepositoryFactorySupport$QueryExecutorMethodInterceptor.<init>(RepositoryFactorySupport.java:435)
	at org.springframework.data.repository.core.support.RepositoryFactorySupport.getRepository(RepositoryFactorySupport.java:220)
	at org.springframework.data.repository.core.support.RepositoryFactoryBeanSupport.initAndReturn(RepositoryFactoryBeanSupport.java:280)
	at org.springframework.data.repository.core.support.RepositoryFactoryBeanSupport.afterPropertiesSet(RepositoryFactoryBeanSupport.java:266)
	at org.springframework.data.jpa.repository.support.JpaRepositoryFactoryBean.afterPropertiesSet(JpaRepositoryFactoryBean.java:92)
	at org.springframework.beans.factory.support.AbstractAutowireCapableBeanFactory.invokeInitMethods(AbstractAutowireCapableBeanFactory.java:1648)
	at org.springframework.beans.factory.support.AbstractAutowireCapableBeanFactory.initializeBean(AbstractAutowireCapableBeanFactory.java:1585)
	... 29 more
Caused by: java.lang.IllegalArgumentException: org.hibernate.hql.internal.ast.QuerySyntaxException: AirCoupon is not mapped [UPDATE AirCoupon SET status=2 where id=?]
	at org.hibernate.jpa.spi.AbstractEntityManagerImpl.convert(AbstractEntityManagerImpl.java:1679)
	at org.hibernate.jpa.spi.AbstractEntityManagerImpl.convert(AbstractEntityManagerImpl.java:1602)
	at org.hibernate.jpa.spi.AbstractEntityManagerImpl.convert(AbstractEntityManagerImpl.java:1608)
	at org.hibernate.jpa.spi.AbstractEntityManagerImpl.createQuery(AbstractEntityManagerImpl.java:294)
	at sun.reflect.NativeMethodAccessorImpl.invoke0(Native Method)
	at sun.reflect.NativeMethodAccessorImpl.invoke(NativeMethodAccessorImpl.java:62)
	at sun.reflect.DelegatingMethodAccessorImpl.invoke(DelegatingMethodAccessorImpl.java:43)
	at java.lang.reflect.Method.invoke(Method.java:498)
	at org.springframework.orm.jpa.ExtendedEntityManagerCreator$ExtendedEntityManagerInvocationHandler.invoke(ExtendedEntityManagerCreator.java:344)
	at com.sun.proxy.$Proxy97.createQuery(Unknown Source)
	at org.springframework.data.jpa.repository.query.SimpleJpaQuery.validateQuery(SimpleJpaQuery.java:86)
	... 42 more
Caused by: org.hibernate.hql.internal.ast.QuerySyntaxException: AirCoupon is not mapped [UPDATE AirCoupon SET status=2 where id=?]
	at org.hibernate.hql.internal.ast.QuerySyntaxException.generateQueryException(QuerySyntaxException.java:79)
	at org.hibernate.QueryException.wrapWithQueryString(QueryException.java:103)
	at org.hibernate.hql.internal.ast.QueryTranslatorImpl.doCompile(QueryTranslatorImpl.java:218)
	at org.hibernate.hql.internal.ast.QueryTranslatorImpl.compile(QueryTranslatorImpl.java:142)
	at org.hibernate.engine.query.spi.HQLQueryPlan.<init>(HQLQueryPlan.java:115)
	at org.hibernate.engine.query.spi.HQLQueryPlan.<init>(HQLQueryPlan.java:76)
	at org.hibernate.engine.query.spi.QueryPlanCache.getHQLQueryPlan(QueryPlanCache.java:150)
	at org.hibernate.internal.AbstractSessionImpl.getHQLQueryPlan(AbstractSessionImpl.java:302)
	at org.hibernate.internal.AbstractSessionImpl.createQuery(AbstractSessionImpl.java:240)
	at org.hibernate.internal.SessionImpl.createQuery(SessionImpl.java:1894)
	at org.hibernate.jpa.spi.AbstractEntityManagerImpl.createQuery(AbstractEntityManagerImpl.java:291)
	... 49 more
Caused by: org.hibernate.hql.internal.ast.QuerySyntaxException: AirCoupon is not mapped
	at org.hibernate.hql.internal.ast.util.SessionFactoryHelper.requireClassPersister(SessionFactoryHelper.java:171)
	at org.hibernate.hql.internal.ast.tree.FromElementFactory.addFromElement(FromElementFactory.java:91)
	at org.hibernate.hql.internal.ast.tree.FromClause.addFromElement(FromClause.java:76)
	at org.hibernate.hql.internal.ast.HqlSqlWalker.createFromElement(HqlSqlWalker.java:321)
	at org.hibernate.hql.internal.antlr.HqlSqlBaseWalker.fromElement(HqlSqlBaseWalker.java:3687)
	at org.hibernate.hql.internal.antlr.HqlSqlBaseWalker.fromElementList(HqlSqlBaseWalker.java:3576)
	at org.hibernate.hql.internal.antlr.HqlSqlBaseWalker.fromClause(HqlSqlBaseWalker.java:716)
	at org.hibernate.hql.internal.antlr.HqlSqlBaseWalker.updateStatement(HqlSqlBaseWalker.java:373)
	at org.hibernate.hql.internal.antlr.HqlSqlBaseWalker.statement(HqlSqlBaseWalker.java:265)
	at org.hibernate.hql.internal.ast.QueryTranslatorImpl.analyze(QueryTranslatorImpl.java:262)
	at org.hibernate.hql.internal.ast.QueryTranslatorImpl.doCompile(QueryTranslatorImpl.java:190)
	... 57 more
2017-04-18 22:11:15,002  INFO Api:48 - Starting Api on X-CDN-ZHENGJY with PID 2724 (D:\workspace1\happycar-api\target\classes started by zhengjy in D:\workspace1\happycar-api)
2017-04-18 22:11:15,006  INFO Api:661 - No active profile set, falling back to default profiles: default
2017-04-18 22:11:15,073  INFO AnnotationConfigEmbeddedWebApplicationContext:582 - Refreshing org.springframework.boot.context.embedded.AnnotationConfigEmbeddedWebApplicationContext@19e4653c: startup date [Tue Apr 18 22:11:15 CST 2017]; root of context hierarchy
2017-04-18 22:11:15,444  INFO Version:30 - HV000001: Hibernate Validator 5.2.4.Final
2017-04-18 22:11:17,592  INFO PostProcessorRegistrationDelegate$BeanPostProcessorChecker:325 - Bean 'org.springframework.transaction.annotation.ProxyTransactionManagementConfiguration' of type [class org.springframework.transaction.annotation.ProxyTransactionManagementConfiguration$$EnhancerBySpringCGLIB$$8a9e22db] is not eligible for getting processed by all BeanPostProcessors (for example: not eligible for auto-proxying)
2017-04-18 22:11:24,047  INFO Api:48 - Starting Api on X-CDN-ZHENGJY with PID 2420 (D:\workspace1\happycar-api\target\classes started by zhengjy in D:\workspace1\happycar-api)
2017-04-18 22:11:24,050  INFO Api:661 - No active profile set, falling back to default profiles: default
2017-04-18 22:11:24,145  INFO AnnotationConfigEmbeddedWebApplicationContext:582 - Refreshing org.springframework.boot.context.embedded.AnnotationConfigEmbeddedWebApplicationContext@19e4653c: startup date [Tue Apr 18 22:11:24 CST 2017]; root of context hierarchy
2017-04-18 22:11:24,419  INFO Version:30 - HV000001: Hibernate Validator 5.2.4.Final
2017-04-18 22:11:26,987  INFO PostProcessorRegistrationDelegate$BeanPostProcessorChecker:325 - Bean 'org.springframework.transaction.annotation.ProxyTransactionManagementConfiguration' of type [class org.springframework.transaction.annotation.ProxyTransactionManagementConfiguration$$EnhancerBySpringCGLIB$$4d047293] is not eligible for getting processed by all BeanPostProcessors (for example: not eligible for auto-proxying)
2017-04-18 22:11:28,394  INFO TomcatEmbeddedServletContainer:87 - Tomcat initialized with port(s): 8081 (http)
2017-04-18 22:11:28,556  INFO ContextLoader:276 - Root WebApplicationContext: initialization completed in 4415 ms
2017-04-18 22:11:28,865  INFO ServletRegistrationBean:190 - Mapping servlet: 'dispatcherServlet' to [/]
2017-04-18 22:11:28,870  INFO FilterRegistrationBean:258 - Mapping filter: 'characterEncodingFilter' to: [/*]
2017-04-18 22:11:28,871  INFO FilterRegistrationBean:258 - Mapping filter: 'hiddenHttpMethodFilter' to: [/*]
2017-04-18 22:11:28,871  INFO FilterRegistrationBean:258 - Mapping filter: 'httpPutFormContentFilter' to: [/*]
2017-04-18 22:11:28,872  INFO FilterRegistrationBean:258 - Mapping filter: 'requestContextFilter' to: [/*]
2017-04-18 22:11:29,327  INFO LocalContainerEntityManagerFactoryBean:336 - Building JPA container EntityManagerFactory for persistence unit 'default'
2017-04-18 22:11:29,353  INFO LogHelper:31 - HHH000204: Processing PersistenceUnitInfo [
	name: default
	...]
2017-04-18 22:11:29,476  INFO Version:37 - HHH000412: Hibernate Core {5.0.11.Final}
2017-04-18 22:11:29,479  INFO Environment:213 - HHH000206: hibernate.properties not found
2017-04-18 22:11:29,483  INFO Environment:317 - HHH000021: Bytecode provider name : javassist
2017-04-18 22:11:29,542  INFO Version:66 - HCANN000001: Hibernate Commons Annotations {5.0.1.Final}
2017-04-18 22:11:30,368  INFO Dialect:156 - HHH000400: Using dialect: org.hibernate.dialect.MySQL5Dialect
2017-04-18 22:11:31,232  INFO QueryTranslatorFactoryInitiator:47 - HHH000397: Using ASTQueryTranslatorFactory
2017-04-18 22:11:31,972  WARN HqlSqlWalker:992 - [DEPRECATION] Encountered positional parameter near line 1, column 65 in HQL: [update com.happycar.api.model.HcMember set isDeleted=1 where id=?].  Positional parameter are considered deprecated; use named parameters or JPA-style positional parameters instead.
2017-04-18 22:11:32,211  WARN AnnotationConfigEmbeddedWebApplicationContext:550 - Exception encountered during context initialization - cancelling refresh attempt: org.springframework.beans.factory.BeanCreationException: Error creating bean with name 'couponController': Injection of resource dependencies failed; nested exception is org.springframework.beans.factory.BeanCreationException: Error creating bean with name 'couponDao': Invocation of init method failed; nested exception is java.lang.IllegalArgumentException: Validation failed for query for method public abstract void com.happycar.api.dao.CouponDao.setCouponUsed(java.lang.Integer)!
2017-04-18 22:11:32,213  INFO LocalContainerEntityManagerFactoryBean:481 - Closing JPA EntityManagerFactory for persistence unit 'default'
2017-04-18 22:11:32,250  INFO AutoConfigurationReportLoggingInitializer:101 - 

Error starting ApplicationContext. To display the auto-configuration report re-run your application with 'debug' enabled.
2017-04-18 22:11:32,255 ERROR SpringApplication:839 - Application startup failed
org.springframework.beans.factory.BeanCreationException: Error creating bean with name 'couponController': Injection of resource dependencies failed; nested exception is org.springframework.beans.factory.BeanCreationException: Error creating bean with name 'couponDao': Invocation of init method failed; nested exception is java.lang.IllegalArgumentException: Validation failed for query for method public abstract void com.happycar.api.dao.CouponDao.setCouponUsed(java.lang.Integer)!
	at org.springframework.context.annotation.CommonAnnotationBeanPostProcessor.postProcessPropertyValues(CommonAnnotationBeanPostProcessor.java:321)
	at org.springframework.beans.factory.support.AbstractAutowireCapableBeanFactory.populateBean(AbstractAutowireCapableBeanFactory.java:1225)
	at org.springframework.beans.factory.support.AbstractAutowireCapableBeanFactory.doCreateBean(AbstractAutowireCapableBeanFactory.java:552)
	at org.springframework.beans.factory.support.AbstractAutowireCapableBeanFactory.createBean(AbstractAutowireCapableBeanFactory.java:483)
	at org.springframework.beans.factory.support.AbstractBeanFactory$1.getObject(AbstractBeanFactory.java:306)
	at org.springframework.beans.factory.support.DefaultSingletonBeanRegistry.getSingleton(DefaultSingletonBeanRegistry.java:230)
	at org.springframework.beans.factory.support.AbstractBeanFactory.doGetBean(AbstractBeanFactory.java:302)
	at org.springframework.beans.factory.support.AbstractBeanFactory.getBean(AbstractBeanFactory.java:197)
	at org.springframework.beans.factory.support.DefaultListableBeanFactory.preInstantiateSingletons(DefaultListableBeanFactory.java:759)
	at org.springframework.context.support.AbstractApplicationContext.finishBeanFactoryInitialization(AbstractApplicationContext.java:866)
	at org.springframework.context.support.AbstractApplicationContext.refresh(AbstractApplicationContext.java:542)
	at org.springframework.boot.context.embedded.EmbeddedWebApplicationContext.refresh(EmbeddedWebApplicationContext.java:122)
	at org.springframework.boot.SpringApplication.refresh(SpringApplication.java:761)
	at org.springframework.boot.SpringApplication.refreshContext(SpringApplication.java:371)
	at org.springframework.boot.SpringApplication.run(SpringApplication.java:315)
	at org.springframework.boot.SpringApplication.run(SpringApplication.java:1186)
	at org.springframework.boot.SpringApplication.run(SpringApplication.java:1175)
	at com.happycar.api.Api.main(Api.java:31)
Caused by: org.springframework.beans.factory.BeanCreationException: Error creating bean with name 'couponDao': Invocation of init method failed; nested exception is java.lang.IllegalArgumentException: Validation failed for query for method public abstract void com.happycar.api.dao.CouponDao.setCouponUsed(java.lang.Integer)!
	at org.springframework.beans.factory.support.AbstractAutowireCapableBeanFactory.initializeBean(AbstractAutowireCapableBeanFactory.java:1589)
	at org.springframework.beans.factory.support.AbstractAutowireCapableBeanFactory.doCreateBean(AbstractAutowireCapableBeanFactory.java:554)
	at org.springframework.beans.factory.support.AbstractAutowireCapableBeanFactory.createBean(AbstractAutowireCapableBeanFactory.java:483)
	at org.springframework.beans.factory.support.AbstractBeanFactory$1.getObject(AbstractBeanFactory.java:306)
	at org.springframework.beans.factory.support.DefaultSingletonBeanRegistry.getSingleton(DefaultSingletonBeanRegistry.java:230)
	at org.springframework.beans.factory.support.AbstractBeanFactory.doGetBean(AbstractBeanFactory.java:302)
	at org.springframework.beans.factory.support.AbstractBeanFactory.getBean(AbstractBeanFactory.java:202)
	at org.springframework.context.annotation.CommonAnnotationBeanPostProcessor.autowireResource(CommonAnnotationBeanPostProcessor.java:522)
	at org.springframework.context.annotation.CommonAnnotationBeanPostProcessor.getResource(CommonAnnotationBeanPostProcessor.java:496)
	at org.springframework.context.annotation.CommonAnnotationBeanPostProcessor$ResourceElement.getResourceToInject(CommonAnnotationBeanPostProcessor.java:627)
	at org.springframework.beans.factory.annotation.InjectionMetadata$InjectedElement.inject(InjectionMetadata.java:169)
	at org.springframework.beans.factory.annotation.InjectionMetadata.inject(InjectionMetadata.java:88)
	at org.springframework.context.annotation.CommonAnnotationBeanPostProcessor.postProcessPropertyValues(CommonAnnotationBeanPostProcessor.java:318)
	... 17 more
Caused by: java.lang.IllegalArgumentException: Validation failed for query for method public abstract void com.happycar.api.dao.CouponDao.setCouponUsed(java.lang.Integer)!
	at org.springframework.data.jpa.repository.query.SimpleJpaQuery.validateQuery(SimpleJpaQuery.java:92)
	at org.springframework.data.jpa.repository.query.SimpleJpaQuery.<init>(SimpleJpaQuery.java:62)
	at org.springframework.data.jpa.repository.query.JpaQueryFactory.fromMethodWithQueryString(JpaQueryFactory.java:72)
	at org.springframework.data.jpa.repository.query.JpaQueryFactory.fromQueryAnnotation(JpaQueryFactory.java:53)
	at org.springframework.data.jpa.repository.query.JpaQueryLookupStrategy$DeclaredQueryLookupStrategy.resolveQuery(JpaQueryLookupStrategy.java:144)
	at org.springframework.data.jpa.repository.query.JpaQueryLookupStrategy$CreateIfNotFoundQueryLookupStrategy.resolveQuery(JpaQueryLookupStrategy.java:212)
	at org.springframework.data.jpa.repository.query.JpaQueryLookupStrategy$AbstractQueryLookupStrategy.resolveQuery(JpaQueryLookupStrategy.java:77)
	at org.springframework.data.repository.core.support.RepositoryFactorySupport$QueryExecutorMethodInterceptor.<init>(RepositoryFactorySupport.java:435)
	at org.springframework.data.repository.core.support.RepositoryFactorySupport.getRepository(RepositoryFactorySupport.java:220)
	at org.springframework.data.repository.core.support.RepositoryFactoryBeanSupport.initAndReturn(RepositoryFactoryBeanSupport.java:280)
	at org.springframework.data.repository.core.support.RepositoryFactoryBeanSupport.afterPropertiesSet(RepositoryFactoryBeanSupport.java:266)
	at org.springframework.data.jpa.repository.support.JpaRepositoryFactoryBean.afterPropertiesSet(JpaRepositoryFactoryBean.java:92)
	at org.springframework.beans.factory.support.AbstractAutowireCapableBeanFactory.invokeInitMethods(AbstractAutowireCapableBeanFactory.java:1648)
	at org.springframework.beans.factory.support.AbstractAutowireCapableBeanFactory.initializeBean(AbstractAutowireCapableBeanFactory.java:1585)
	... 29 more
Caused by: java.lang.IllegalArgumentException: org.hibernate.hql.internal.ast.QuerySyntaxException: AirCoupon is not mapped [UPDATE AirCoupon SET status=2 where id=?]
	at org.hibernate.jpa.spi.AbstractEntityManagerImpl.convert(AbstractEntityManagerImpl.java:1679)
	at org.hibernate.jpa.spi.AbstractEntityManagerImpl.convert(AbstractEntityManagerImpl.java:1602)
	at org.hibernate.jpa.spi.AbstractEntityManagerImpl.convert(AbstractEntityManagerImpl.java:1608)
	at org.hibernate.jpa.spi.AbstractEntityManagerImpl.createQuery(AbstractEntityManagerImpl.java:294)
	at sun.reflect.NativeMethodAccessorImpl.invoke0(Native Method)
	at sun.reflect.NativeMethodAccessorImpl.invoke(NativeMethodAccessorImpl.java:62)
	at sun.reflect.DelegatingMethodAccessorImpl.invoke(DelegatingMethodAccessorImpl.java:43)
	at java.lang.reflect.Method.invoke(Method.java:498)
	at org.springframework.orm.jpa.ExtendedEntityManagerCreator$ExtendedEntityManagerInvocationHandler.invoke(ExtendedEntityManagerCreator.java:344)
	at com.sun.proxy.$Proxy98.createQuery(Unknown Source)
	at org.springframework.data.jpa.repository.query.SimpleJpaQuery.validateQuery(SimpleJpaQuery.java:86)
	... 42 more
Caused by: org.hibernate.hql.internal.ast.QuerySyntaxException: AirCoupon is not mapped [UPDATE AirCoupon SET status=2 where id=?]
	at org.hibernate.hql.internal.ast.QuerySyntaxException.generateQueryException(QuerySyntaxException.java:79)
	at org.hibernate.QueryException.wrapWithQueryString(QueryException.java:103)
	at org.hibernate.hql.internal.ast.QueryTranslatorImpl.doCompile(QueryTranslatorImpl.java:218)
	at org.hibernate.hql.internal.ast.QueryTranslatorImpl.compile(QueryTranslatorImpl.java:142)
	at org.hibernate.engine.query.spi.HQLQueryPlan.<init>(HQLQueryPlan.java:115)
	at org.hibernate.engine.query.spi.HQLQueryPlan.<init>(HQLQueryPlan.java:76)
	at org.hibernate.engine.query.spi.QueryPlanCache.getHQLQueryPlan(QueryPlanCache.java:150)
	at org.hibernate.internal.AbstractSessionImpl.getHQLQueryPlan(AbstractSessionImpl.java:302)
	at org.hibernate.internal.AbstractSessionImpl.createQuery(AbstractSessionImpl.java:240)
	at org.hibernate.internal.SessionImpl.createQuery(SessionImpl.java:1894)
	at org.hibernate.jpa.spi.AbstractEntityManagerImpl.createQuery(AbstractEntityManagerImpl.java:291)
	... 49 more
Caused by: org.hibernate.hql.internal.ast.QuerySyntaxException: AirCoupon is not mapped
	at org.hibernate.hql.internal.ast.util.SessionFactoryHelper.requireClassPersister(SessionFactoryHelper.java:171)
	at org.hibernate.hql.internal.ast.tree.FromElementFactory.addFromElement(FromElementFactory.java:91)
	at org.hibernate.hql.internal.ast.tree.FromClause.addFromElement(FromClause.java:76)
	at org.hibernate.hql.internal.ast.HqlSqlWalker.createFromElement(HqlSqlWalker.java:321)
	at org.hibernate.hql.internal.antlr.HqlSqlBaseWalker.fromElement(HqlSqlBaseWalker.java:3687)
	at org.hibernate.hql.internal.antlr.HqlSqlBaseWalker.fromElementList(HqlSqlBaseWalker.java:3576)
	at org.hibernate.hql.internal.antlr.HqlSqlBaseWalker.fromClause(HqlSqlBaseWalker.java:716)
	at org.hibernate.hql.internal.antlr.HqlSqlBaseWalker.updateStatement(HqlSqlBaseWalker.java:373)
	at org.hibernate.hql.internal.antlr.HqlSqlBaseWalker.statement(HqlSqlBaseWalker.java:265)
	at org.hibernate.hql.internal.ast.QueryTranslatorImpl.analyze(QueryTranslatorImpl.java:262)
	at org.hibernate.hql.internal.ast.QueryTranslatorImpl.doCompile(QueryTranslatorImpl.java:190)
	... 57 more
2017-04-18 22:13:49,811  INFO Api:48 - Starting Api on X-CDN-ZHENGJY with PID 4340 (D:\workspace1\happycar-api\target\classes started by zhengjy in D:\workspace1\happycar-api)
2017-04-18 22:13:49,814  INFO Api:661 - No active profile set, falling back to default profiles: default
2017-04-18 22:13:49,920  INFO AnnotationConfigEmbeddedWebApplicationContext:582 - Refreshing org.springframework.boot.context.embedded.AnnotationConfigEmbeddedWebApplicationContext@19e4653c: startup date [Tue Apr 18 22:13:49 CST 2017]; root of context hierarchy
2017-04-18 22:13:50,127  INFO Version:30 - HV000001: Hibernate Validator 5.2.4.Final
2017-04-18 22:13:52,625  INFO PostProcessorRegistrationDelegate$BeanPostProcessorChecker:325 - Bean 'org.springframework.transaction.annotation.ProxyTransactionManagementConfiguration' of type [class org.springframework.transaction.annotation.ProxyTransactionManagementConfiguration$$EnhancerBySpringCGLIB$$ed86a489] is not eligible for getting processed by all BeanPostProcessors (for example: not eligible for auto-proxying)
2017-04-18 22:13:53,957  INFO TomcatEmbeddedServletContainer:87 - Tomcat initialized with port(s): 8081 (http)
2017-04-18 22:13:54,124  INFO ContextLoader:276 - Root WebApplicationContext: initialization completed in 4207 ms
2017-04-18 22:13:54,481  INFO ServletRegistrationBean:190 - Mapping servlet: 'dispatcherServlet' to [/]
2017-04-18 22:13:54,488  INFO FilterRegistrationBean:258 - Mapping filter: 'characterEncodingFilter' to: [/*]
2017-04-18 22:13:54,489  INFO FilterRegistrationBean:258 - Mapping filter: 'hiddenHttpMethodFilter' to: [/*]
2017-04-18 22:13:54,490  INFO FilterRegistrationBean:258 - Mapping filter: 'httpPutFormContentFilter' to: [/*]
2017-04-18 22:13:54,490  INFO FilterRegistrationBean:258 - Mapping filter: 'requestContextFilter' to: [/*]
2017-04-18 22:13:54,902  INFO LocalContainerEntityManagerFactoryBean:336 - Building JPA container EntityManagerFactory for persistence unit 'default'
2017-04-18 22:13:54,924  INFO LogHelper:31 - HHH000204: Processing PersistenceUnitInfo [
	name: default
	...]
2017-04-18 22:13:55,033  INFO Version:37 - HHH000412: Hibernate Core {5.0.11.Final}
2017-04-18 22:13:55,036  INFO Environment:213 - HHH000206: hibernate.properties not found
2017-04-18 22:13:55,039  INFO Environment:317 - HHH000021: Bytecode provider name : javassist
2017-04-18 22:13:55,125  INFO Version:66 - HCANN000001: Hibernate Commons Annotations {5.0.1.Final}
2017-04-18 22:13:55,898  INFO Dialect:156 - HHH000400: Using dialect: org.hibernate.dialect.MySQL5Dialect
2017-04-18 22:13:56,766  INFO QueryTranslatorFactoryInitiator:47 - HHH000397: Using ASTQueryTranslatorFactory
2017-04-18 22:13:57,498  WARN HqlSqlWalker:992 - [DEPRECATION] Encountered positional parameter near line 1, column 65 in HQL: [update com.happycar.api.model.HcMember set isDeleted=1 where id=?].  Positional parameter are considered deprecated; use named parameters or JPA-style positional parameters instead.
2017-04-18 22:13:57,759  WARN HqlSqlWalker:992 - [DEPRECATION] Encountered positional parameter near line 1, column 62 in HQL: [UPDATE com.happycar.api.model.HcCoupon SET status=2 where id=?].  Positional parameter are considered deprecated; use named parameters or JPA-style positional parameters instead.
2017-04-18 22:13:59,119  WARN HqlSqlWalker:992 - [DEPRECATION] Encountered positional parameter near line 1, column 56 in HQL: [delete from com.happycar.api.model.HcSysMenu where pid=?].  Positional parameter are considered deprecated; use named parameters or JPA-style positional parameters instead.
2017-04-18 22:13:59,198  WARN HqlSqlWalker:992 - [DEPRECATION] Encountered positional parameter near line 1, column 64 in HQL: [delete from com.happycar.api.model.HcSysRoleRight where roleId=?].  Positional parameter are considered deprecated; use named parameters or JPA-style positional parameters instead.
2017-04-18 22:13:59,242  WARN HqlSqlWalker:992 - [DEPRECATION] Encountered positional parameter near line 1, column 64 in HQL: [update com.happycar.api.model.HcCoach set isDeleted=1 where id=?].  Positional parameter are considered deprecated; use named parameters or JPA-style positional parameters instead.
2017-04-18 22:13:59,342  WARN HqlSqlWalker:992 - [DEPRECATION] Encountered positional parameter near line 1, column 65 in HQL: [update com.happycar.api.model.HcTheory set isDeleted=1 where id=?].  Positional parameter are considered deprecated; use named parameters or JPA-style positional parameters instead.
2017-04-18 22:13:59,396  WARN HqlSqlWalker:992 - [DEPRECATION] Encountered positional parameter near line 1, column 66 in HQL: [update com.happycar.api.model.HcSysUser set isDeleted=1 where id=?].  Positional parameter are considered deprecated; use named parameters or JPA-style positional parameters instead.
2017-04-18 22:13:59,400  WARN HqlSqlWalker:992 - [DEPRECATION] Encountered positional parameter near line 1, column 63 in HQL: [update com.happycar.api.model.HcSysUser set status=0 where id=?].  Positional parameter are considered deprecated; use named parameters or JPA-style positional parameters instead.
2017-04-18 22:13:59,405  WARN HqlSqlWalker:992 - [DEPRECATION] Encountered positional parameter near line 1, column 63 in HQL: [update com.happycar.api.model.HcSysUser set status=1 where id=?].  Positional parameter are considered deprecated; use named parameters or JPA-style positional parameters instead.
2017-04-18 22:13:59,542  WARN HqlSqlWalker:992 - [DEPRECATION] Encountered positional parameter near line 1, column 66 in HQL: [update com.happycar.api.model.HcTuition set isDeleted=1 where id=?].  Positional parameter are considered deprecated; use named parameters or JPA-style positional parameters instead.
2017-04-18 22:13:59,577  WARN HqlSqlWalker:992 - [DEPRECATION] Encountered positional parameter near line 1, column 65 in HQL: [update com.happycar.api.model.HcSignup set isDeleted=1 where id=?].  Positional parameter are considered deprecated; use named parameters or JPA-style positional parameters instead.
2017-04-18 22:13:59,649  WARN HqlSqlWalker:992 - [DEPRECATION] Encountered positional parameter near line 1, column 63 in HQL: [delete from com.happycar.api.model.HcSysUserRole where userId=?].  Positional parameter are considered deprecated; use named parameters or JPA-style positional parameters instead.
2017-04-18 22:13:59,688  WARN HqlSqlWalker:992 - [DEPRECATION] Encountered positional parameter near line 1, column 63 in HQL: [delete from com.happycar.api.model.HcSysRoleMenu where roleId=?].  Positional parameter are considered deprecated; use named parameters or JPA-style positional parameters instead.
2017-04-18 22:13:59,775  INFO RequestMappingHandlerMapping:543 - Mapped "{[/api/alipay/notify]}" onto public java.lang.String com.happycar.api.controller.AlipayController.notify(javax.servlet.http.HttpServletRequest,javax.servlet.http.HttpServletResponse) throws java.lang.Exception
2017-04-18 22:13:59,779  INFO RequestMappingHandlerMapping:543 - Mapped "{[/api/coupon/list],methods=[GET]}" onto public com.happycar.api.vo.ResponseModel com.happycar.api.controller.CouponController.list(javax.servlet.http.HttpServletRequest)
2017-04-18 22:13:59,780  INFO RequestMappingHandlerMapping:543 - Mapped "{[/v2/api-docs],methods=[GET]}" onto public org.springframework.http.ResponseEntity<springfox.documentation.spring.web.json.Json> springfox.documentation.swagger2.web.Swagger2Controller.getDocumentation(java.lang.String)
2017-04-18 22:13:59,784  INFO RequestMappingHandlerMapping:543 - Mapped "{[/swagger-resources]}" onto org.springframework.http.ResponseEntity<java.util.List<springfox.documentation.swagger.web.SwaggerResource>> springfox.documentation.swagger.web.ApiResourceController.swaggerResources()
2017-04-18 22:13:59,785  INFO RequestMappingHandlerMapping:543 - Mapped "{[/configuration/ui]}" onto org.springframework.http.ResponseEntity<springfox.documentation.swagger.web.UiConfiguration> springfox.documentation.swagger.web.ApiResourceController.uiConfiguration()
2017-04-18 22:13:59,787  INFO RequestMappingHandlerMapping:543 - Mapped "{[/configuration/security]}" onto org.springframework.http.ResponseEntity<springfox.documentation.swagger.web.SecurityConfiguration> springfox.documentation.swagger.web.ApiResourceController.securityConfiguration()
2017-04-18 22:13:59,791  INFO RequestMappingHandlerMapping:543 - Mapped "{[/error]}" onto public org.springframework.http.ResponseEntity<java.util.Map<java.lang.String, java.lang.Object>> org.springframework.boot.autoconfigure.web.BasicErrorController.error(javax.servlet.http.HttpServletRequest)
2017-04-18 22:13:59,792  INFO RequestMappingHandlerMapping:543 - Mapped "{[/error],produces=[text/html]}" onto public org.springframework.web.servlet.ModelAndView org.springframework.boot.autoconfigure.web.BasicErrorController.errorHtml(javax.servlet.http.HttpServletRequest,javax.servlet.http.HttpServletResponse)
2017-04-18 22:14:00,470  INFO RequestMappingHandlerAdapter:534 - Looking for @ControllerAdvice: org.springframework.boot.context.embedded.AnnotationConfigEmbeddedWebApplicationContext@19e4653c: startup date [Tue Apr 18 22:13:49 CST 2017]; root of context hierarchy
2017-04-18 22:14:00,593  INFO SimpleUrlHandlerMapping:354 - Mapped URL path [/webjars/**] onto handler of type [class org.springframework.web.servlet.resource.ResourceHttpRequestHandler]
2017-04-18 22:14:00,593  INFO SimpleUrlHandlerMapping:354 - Mapped URL path [/**] onto handler of type [class org.springframework.web.servlet.resource.ResourceHttpRequestHandler]
2017-04-18 22:14:00,644  INFO ExceptionHandlerExceptionResolver:273 - Detected @ExceptionHandler methods in globalExceptionHandler
2017-04-18 22:14:00,708  INFO SimpleUrlHandlerMapping:354 - Mapped URL path [/**/favicon.ico] onto handler of type [class org.springframework.web.servlet.resource.ResourceHttpRequestHandler]
2017-04-18 22:14:01,578  INFO AnnotationMBeanExporter:431 - Registering beans for JMX exposure on startup
2017-04-18 22:14:01,598  INFO DocumentationPluginsBootstrapper:80 - Context refreshed
2017-04-18 22:14:01,640  INFO DocumentationPluginsBootstrapper:83 - Found {0} custom documentation plugin(s)
2017-04-18 22:14:01,652  INFO ApiListingReferenceScanner:53 - Scanning for api listing references
2017-04-18 22:14:01,660  INFO ClassOrApiAnnotationResourceGrouping:100 - Group for method list was 
2017-04-18 22:14:01,664  INFO ApiListingReferenceScanner:72 - Request mapping: list belongs to groups: [[ResourceGroup{groupName='', position=0, controller=com.happycar.api.controller.CouponController}]] 
2017-04-18 22:14:01,675  INFO ApiListingReferenceScanner:84 - Created resource listing Path: /default/ Description:  Position: 0
2017-04-18 22:14:01,697  INFO ModelContextKeyGenerator:46 - Cache Key Generated: java.lang.Void(true)
2017-04-18 22:14:01,697  INFO CachingAspect:79 - Caching aspect applied for cache models with key java.lang.Void(true)
2017-04-18 22:14:01,711  INFO ModelContextKeyGenerator:46 - Cache Key Generated: java.lang.Void(true)
2017-04-18 22:14:01,711  INFO CachingAspect:79 - Caching aspect applied for cache modelDependencies with key java.lang.Void(true)
2017-04-18 22:14:01,721  INFO ModelContextKeyGenerator:46 - Cache Key Generated: com.happycar.api.vo.ResponseModel(true)
2017-04-18 22:14:01,722  INFO CachingAspect:79 - Caching aspect applied for cache models with key com.happycar.api.vo.ResponseModel(true)
2017-04-18 22:14:01,723  INFO ModelContextKeyGenerator:46 - Cache Key Generated: com.happycar.api.vo.ResponseModel(true)
2017-04-18 22:14:01,723  INFO CachingAspect:79 - Caching aspect applied for cache modelDependencies with key com.happycar.api.vo.ResponseModel(true)
2017-04-18 22:14:01,725  INFO ModelPropertiesKeyGenerator:48 - Cache key generated: com.happycar.api.vo.ResponseModel(true)
2017-04-18 22:14:01,725  INFO CachingAspect:68 - Caching aspect applied for cache modelProperties with key com.happycar.api.vo.ResponseModel(true)
2017-04-18 22:14:01,767  INFO OperationsKeyGenerator:51 - Cache key generated: /api/coupon/list.com.happycar.api.controller.CouponController.list.DefaultGenericTypeNamingStrategy
2017-04-18 22:14:01,768  INFO CachingAspect:68 - Caching aspect applied for cache operations with key /api/coupon/list.com.happycar.api.controller.CouponController.list.DefaultGenericTypeNamingStrategy
2017-04-18 22:14:01,783  INFO ClassOrApiAnnotationResourceGrouping:100 - Group for method list was 
2017-04-18 22:14:01,806  INFO ClassOrApiAnnotationResourceGrouping:100 - Group for method list was 
2017-04-18 22:14:01,918  INFO TomcatEmbeddedServletContainer:185 - Tomcat started on port(s): 8081 (http)
2017-04-18 22:14:01,926  INFO Api:57 - Started Api in 12.582 seconds (JVM running for 13.152)
2017-04-18 22:14:20,009  INFO DispatcherServlet:489 - FrameworkServlet 'dispatcherServlet': initialization started
2017-04-18 22:14:20,041  INFO DispatcherServlet:508 - FrameworkServlet 'dispatcherServlet': initialization completed in 32 ms
